2023-06-06 18:10:26 [info]: client listening on port 8080
2023-06-06 18:10:48 [info]: client listening on port 8080
2023-06-06 18:11:08 [info]: client listening on port 8080
2023-06-06 18:11:10 [info]: client listening on port 8080
2023-06-06 18:14:14 [verbose]: Authentication succeded for admin1
2023-06-06 18:14:14 [debug]: admin1 logged in
2023-06-06 18:16:00 [info]: client listening on port 8080
2023-06-06 18:16:24 [info]: client listening on port 8080
2023-06-06 18:27:35 [verbose]: Authentication succeded for admin1
2023-06-06 18:27:35 [debug]: admin1 logged in
2023-06-06 18:28:10 [debug]: admin1 logged out
2023-06-06 18:28:16 [warn]: Authentication failed for admin1
2023-06-06 18:28:21 [verbose]: Authentication succeded for admin1
2023-06-06 18:28:21 [debug]: admin1 logged in
2023-06-06 18:44:04 [info]: client listening on port 8080
2023-06-06 18:44:47 [info]: client listening on port 8080
2023-06-06 18:45:06 [info]: client listening on port 8080
2023-06-06 18:46:33 [info]: client listening on port 8080
2023-06-06 18:46:36 [info]: client listening on port 8080
2023-06-06 18:51:17 [info]: client listening on port 8080
2023-06-06 18:51:35 [info]: client listening on port 8080
2023-06-06 18:51:43 [info]: client listening on port 8080
2023-06-06 18:51:44 [info]: client listening on port 8080
2023-06-06 18:52:35 [info]: client listening on port 8080
2023-06-06 18:54:08 [info]: client listening on port 8080
2023-06-06 18:55:13 [info]: client listening on port 8080
2023-06-06 18:55:16 [info]: client listening on port 8080
2023-06-06 18:55:31 [info]: client listening on port 8080
2023-06-06 18:55:44 [info]: client listening on port 8080
2023-06-06 18:55:59 [info]: client listening on port 8080
2023-06-06 18:56:07 [info]: client listening on port 8080
2023-06-06 18:56:33 [info]: client listening on port 8080
2023-06-06 18:56:48 [info]: client listening on port 8080
2023-06-06 18:56:50 [info]: client listening on port 8080
2023-06-06 18:56:56 [info]: client listening on port 8080
2023-06-06 18:56:58 [info]: client listening on port 8080
2023-06-06 18:57:05 [info]: client listening on port 8080
2023-06-06 18:57:08 [info]: client listening on port 8080
2023-06-06 18:57:27 [info]: client listening on port 8080
2023-06-06 18:57:30 [info]: client listening on port 8080
2023-06-06 18:57:32 [info]: client listening on port 8080
2023-06-06 18:57:39 [info]: client listening on port 8080
2023-06-06 18:57:44 [info]: client listening on port 8080
2023-06-06 18:57:45 [info]: client listening on port 8080
2023-06-06 18:57:54 [info]: client listening on port 8080
2023-06-06 18:57:56 [info]: client listening on port 8080
2023-06-06 18:58:16 [info]: client listening on port 8080
2023-06-06 19:00:43 [info]: client listening on port 8080
2023-06-06 19:00:48 [info]: client listening on port 8080
2023-06-06 19:00:51 [info]: client listening on port 8080
2023-06-06 19:01:03 [info]: client listening on port 8080
2023-06-06 19:01:09 [verbose]: Authentication succeded for admin1
2023-06-06 19:01:09 [debug]: admin1 logged in
2023-06-06 19:01:38 [info]: client listening on port 8080
2023-06-06 19:02:06 [info]: client listening on port 8080
2023-06-06 19:02:21 [verbose]: Authentication succeded for admin1
2023-06-06 19:02:21 [debug]: admin1 logged in
2023-06-06 19:03:16 [info]: client listening on port 8080
2023-06-06 19:03:25 [verbose]: Authentication succeded for admin1
2023-06-06 19:03:25 [debug]: admin1 logged in
2023-06-06 19:03:36 [debug]: admin1 logged out
2023-06-06 19:03:41 [warn]: Authentication failed for admin1
2023-06-06 19:03:48 [verbose]: Authentication succeded for admin1
2023-06-06 19:03:48 [debug]: admin1 logged in
2023-06-06 19:03:55 [info]: client listening on port 8080
2023-06-06 19:04:01 [info]: client listening on port 8080
2023-06-06 19:05:03 [info]: client listening on port 8080
2023-06-06 19:05:10 [info]: client listening on port 8080
2023-06-06 19:05:17 [verbose]: Authentication succeded for admin1
2023-06-06 19:05:17 [debug]: admin1 logged in
2023-06-06 19:05:34 [info]: client listening on port 8080
2023-06-06 19:05:39 [info]: client listening on port 8080
